Using pre-set license
Built from 'trunk' branch; Version is '6000.0.9f1 (1490908003ac) revision 1347728'; Using compiler version '193933523'; Build Type 'Release'
OS: 'Windows 10  (10.0.19045) 64bit Professional' Language: 'zh' Physical Memory: 65261 MB
BatchMode: 1, IsHumanControllingUs: 0, StartBugReporterOnCrash: 0, Is64bit: 1, IsPro: 1

COMMAND LINE ARGUMENTS:
C:\Program Files\Unity\Hub\Editor\6000.0.9f1\Editor\Unity.exe
-adb2
-batchMode
-noUpm
-name
AssetImportWorker7
-projectPath
C:/Users/Admin/Documents/GitHub/YuoIdleTextGame
-logFile
Logs/AssetImportWorker7.log
-srvPort
2463
-job-worker-count
7
-background-job-worker-count
8
-asset-garbage-collectors
1
Successfully changed project path to: C:/Users/Admin/Documents/GitHub/YuoIdleTextGame
C:/Users/Admin/Documents/GitHub/YuoIdleTextGame
[UnityMemory] Configuration Parameters - Can be set up in boot.config
    "memorysetup-bucket-allocator-granularity=16"
    "memorysetup-bucket-allocator-bucket-count=8"
    "memorysetup-bucket-allocator-block-size=33554432"
    "memorysetup-bucket-allocator-block-count=8"
    "memorysetup-main-allocator-block-size=16777216"
    "memorysetup-thread-allocator-block-size=16777216"
    "memorysetup-gfx-main-allocator-block-size=16777216"
    "memorysetup-gfx-thread-allocator-block-size=16777216"
    "memorysetup-cache-allocator-block-size=4194304"
    "memorysetup-typetree-allocator-block-size=2097152"
    "memorysetup-profiler-bucket-allocator-granularity=16"
    "memorysetup-profiler-bucket-allocator-bucket-count=8"
    "memorysetup-profiler-bucket-allocator-block-size=33554432"
    "memorysetup-profiler-bucket-allocator-block-count=8"
    "memorysetup-profiler-allocator-block-size=16777216"
    "memorysetup-profiler-editor-allocator-block-size=1048576"
    "memorysetup-temp-allocator-size-main=16777216"
    "memorysetup-job-temp-allocator-block-size=2097152"
    "memorysetup-job-temp-allocator-block-size-background=1048576"
    "memorysetup-job-temp-allocator-reduction-small-platforms=262144"
    "memorysetup-allocator-temp-initial-block-size-main=262144"
    "memorysetup-allocator-temp-initial-block-size-worker=262144"
    "memorysetup-temp-allocator-size-background-worker=32768"
    "memorysetup-temp-allocator-size-job-worker=262144"
    "memorysetup-temp-allocator-size-preload-manager=33554432"
    "memorysetup-temp-allocator-size-nav-mesh-worker=65536"
    "memorysetup-temp-allocator-size-audio-worker=65536"
    "memorysetup-temp-allocator-size-cloud-worker=32768"
    "memorysetup-temp-allocator-size-gi-baking-worker=262144"
    "memorysetup-temp-allocator-size-gi-baking-worker=262144"
    "memorysetup-temp-allocator-size-gi-baking-worker=262144"
    "memorysetup-temp-allocator-size-gi-baking-worker=262144"
    "memorysetup-temp-allocator-size-gi-baking-worker=262144"
    "memorysetup-temp-allocator-size-gfx=262144"
Player connection [13336]  Target information:

Player connection [13336]  * "[IP] 192.168.31.93 [Port] 0 [Flags] 2 [Guid] 2225842460 [EditorId] 2225842460 [Version] 1048832 [Id] WindowsEditor(7,78YNYQ3-TWW) [Debug] 1 [PackageName] WindowsEditor [ProjectName] Editor" 

Player connection [13336] Host joined multi-casting on [225.0.0.222:54997]...
Player connection [13336] Host joined alternative multi-casting on [225.0.0.222:34997]...
JobSystem: Creating JobQueue using job-worker-count value 7
Library Redirect Path: Library/
[PhysX] Initialized MultithreadedTaskDispatcher with 8 workers.
Refreshing native plugins compatible for Editor in 7.08 ms, found 5 plugins.
Preloading 0 native plugins for Editor in 0.00 ms.
Initialize engine version: 6000.0.9f1 (1490908003ac)
[Subsystems] Discovering subsystems at path C:/Program Files/Unity/Hub/Editor/6000.0.9f1/Editor/Data/Resources/UnitySubsystems
[Subsystems] Discovering subsystems at path C:/Users/Admin/Documents/GitHub/YuoIdleTextGame/Assets
GfxDevice: creating device client; kGfxThreadingModeNonThreaded
Direct3D:
    Version:  Direct3D 11.0 [level 11.1]
    Renderer: NVIDIA GeForce RTX 3070 (ID=0x2488)
    Vendor:   NVIDIA
    VRAM:     8018 MB
    Driver:   31.0.15.5241
Initialize mono
Mono path[0] = 'C:/Program Files/Unity/Hub/Editor/6000.0.9f1/Editor/Data/Managed'
Mono path[1] = 'C:/Program Files/Unity/Hub/Editor/6000.0.9f1/Editor/Data/MonoBleedingEdge/lib/mono/unityjit-win32'
Mono config path = 'C:/Program Files/Unity/Hub/Editor/6000.0.9f1/Editor/Data/MonoBleedingEdge/etc'
Using monoOptions --debugger-agent=transport=dt_socket,embedding=1,server=y,suspend=n,address=127.0.0.1:56968
Begin MonoManager ReloadAssembly
Registering precompiled unity dll's ...
Register platform support module: C:/Program Files/Unity/Hub/Editor/6000.0.9f1/Editor/Data/PlaybackEngines/WebGLSupport/UnityEditor.WebGL.Extensions.dll
Register platform support module: C:/Program Files/Unity/Hub/Editor/6000.0.9f1/Editor/Data/PlaybackEngines/WindowsStandaloneSupport/UnityEditor.WindowsStandalone.Extensions.dll
Registered in 0.008314 seconds.
- Loaded All Assemblies, in  0.565 seconds
Native extension for WindowsStandalone target not found
Native extension for WebGL target not found
Mono: successfully reloaded assembly
- Finished resetting the current domain, in  0.492 seconds
Domain Reload Profiling: 1051ms
	BeginReloadAssembly (186ms)
		ExecutionOrderSort (0ms)
		DisableScriptedObjects (0ms)
		BackupInstance (0ms)
		ReleaseScriptingObjects (0ms)
		CreateAndSetChildDomain (1ms)
	RebuildCommonClasses (68ms)
	RebuildNativeTypeToScriptingClass (23ms)
	initialDomainReloadingComplete (88ms)
	LoadAllAssembliesAndSetupDomain (193ms)
		LoadAssemblies (182ms)
		RebuildTransferFunctionScriptingTraits (0ms)
		AnalyzeDomain (189ms)
			TypeCache.Refresh (187ms)
				TypeCache.ScanAssembly (163ms)
			BuildScriptInfoCaches (0ms)
			ResolveRequiredComponents (1ms)
	FinalizeReload (492ms)
		ReleaseScriptCaches (0ms)
		RebuildScriptCaches (0ms)
		SetupLoadedEditorAssemblies (425ms)
			LogAssemblyErrors (0ms)
			InitializePlatformSupportModulesInManaged (35ms)
			SetLoadedEditorAssemblies (4ms)
			BeforeProcessingInitializeOnLoad (5ms)
			ProcessInitializeOnLoadAttributes (202ms)
			ProcessInitializeOnLoadMethodAttributes (179ms)
			AfterProcessingInitializeOnLoad (0ms)
			EditorAssembliesLoaded (0ms)
		ExecutionOrderSort2 (0ms)
		AwakeInstancesAfterBackupRestoration (0ms)
========================================================================
Worker process is ready to serve import requests
Import Worker Mode flag is 0x00
Begin MonoManager ReloadAssembly
Symbol file LoadedFromMemory is not a mono symbol file
- Loaded All Assemblies, in  1.138 seconds
Refreshing native plugins compatible for Editor in 4.15 ms, found 5 plugins.
Native extension for WindowsStandalone target not found
Native extension for WebGL target not found
Package Manager log level set to [2]
[Package Manager] Failed to launch server process. Reason: Unity was launched with the -noUpm command-line argument
[Package Manager] Unable to send message (not connected to server process).
[Package Manager] Cannot connect to Unity Package Manager local server
[Package Manager] Failed to launch server process. Reason: Unity was launched with the -noUpm command-line argument
[Package Manager] Unable to send message (not connected to server process).
[Package Manager] Cannot connect to Unity Package Manager local server
Launched and connected shader compiler UnityShaderCompiler.exe after 0.01 seconds
Mono: successfully reloaded assembly
- Finished resetting the current domain, in  1.340 seconds
Domain Reload Profiling: 2468ms
	BeginReloadAssembly (404ms)
		ExecutionOrderSort (0ms)
		DisableScriptedObjects (5ms)
		BackupInstance (0ms)
		ReleaseScriptingObjects (0ms)
		CreateAndSetChildDomain (33ms)
	RebuildCommonClasses (34ms)
	RebuildNativeTypeToScriptingClass (11ms)
	initialDomainReloadingComplete (45ms)
	LoadAllAssembliesAndSetupDomain (633ms)
		LoadAssemblies (459ms)
		RebuildTransferFunctionScriptingTraits (0ms)
		AnalyzeDomain (267ms)
			TypeCache.Refresh (191ms)
				TypeCache.ScanAssembly (172ms)
			BuildScriptInfoCaches (60ms)
			ResolveRequiredComponents (13ms)
	FinalizeReload (1340ms)
		ReleaseScriptCaches (0ms)
		RebuildScriptCaches (0ms)
		SetupLoadedEditorAssemblies (1102ms)
			LogAssemblyErrors (0ms)
			InitializePlatformSupportModulesInManaged (3ms)
			SetLoadedEditorAssemblies (5ms)
			BeforeProcessingInitializeOnLoad (75ms)
			ProcessInitializeOnLoadAttributes (612ms)
			ProcessInitializeOnLoadMethodAttributes (398ms)
			AfterProcessingInitializeOnLoad (9ms)
			EditorAssembliesLoaded (0ms)
		ExecutionOrderSort2 (0ms)
		AwakeInstancesAfterBackupRestoration (6ms)
Refreshing native plugins compatible for Editor in 3.45 ms, found 5 plugins.
Preloading 0 native plugins for Editor in 0.00 ms.
Unloading 247 Unused Serialized files (Serialized files now loaded: 0)
Unloading 6092 unused Assets / (4.9 MB). Loaded Objects now: 6974.
Memory consumption went from 225.6 MB to 220.7 MB.
Total: 19.980100 ms (FindLiveObjects: 0.645800 ms CreateObjectMapping: 0.647300 ms MarkObjects: 16.544100 ms  DeleteObjects: 2.141800 ms)

========================================================================
Received Import Request.
  Time since last request: 17240.608555 seconds.
  path: Assets/Samples/Shader Graph/17.0.3/Production Ready Shaders/Environment/Details/Pebbles/pebbles.FBX
  artifactKey: Guid(6c19ddb5d34287242a76e39011a33bc9)
Start importing Assets/Samples/Shader Graph/17.0.3/Production Ready Shaders/Environment/Details/Pebbles/pebbles.FBX using Guid(6c19ddb5d34287242a76e39011a33bc9) (FBXImporter)[PhysX] Initialized MultithreadedTaskDispatcher with 8 workers.
 -> (artifact id: '2fac3e22ed56fb5ed97b7c4ceb7a45ca') in 0.0507673 seconds
Number of updated asset objects reloaded before import = 0Number of asset objects unloaded after import = 2

========================================================================
Received Import Request.
  Time since last request: 0.000015 seconds.
  path: Assets/Samples/Shader Graph/17.0.3/Production Ready Shaders/Environment/Details/Grass/grass_bladeNoLOD10.FBX
  artifactKey: Guid(bf2b77fd3b25e81439ccb36bd90bcb34)
Start importing Assets/Samples/Shader Graph/17.0.3/Production Ready Shaders/Environment/Details/Grass/grass_bladeNoLOD10.FBX using Guid(bf2b77fd3b25e81439ccb36bd90bcb34) (FBXImporter)[PhysX] Initialized MultithreadedTaskDispatcher with 8 workers.
 -> (artifact id: 'f37e5e2bdcf4367268d9cf1d5ef7dde3') in 0.0178835 seconds
Number of updated asset objects reloaded before import = 0Number of asset objects unloaded after import = 2

========================================================================
Received Import Request.
  Time since last request: 0.000031 seconds.
  path: Assets/Samples/Shader Graph/17.0.3/Production Ready Shaders/Environment/Water/WaterPlane.FBX
  artifactKey: Guid(ddd5d40721fa7284c86c63e8d65cb985)
Start importing Assets/Samples/Shader Graph/17.0.3/Production Ready Shaders/Environment/Water/WaterPlane.FBX using Guid(ddd5d40721fa7284c86c63e8d65cb985) (FBXImporter)[PhysX] Initialized MultithreadedTaskDispatcher with 8 workers.
 -> (artifact id: '7606846465bec80f55267f6f5a61328a') in 0.0299701 seconds
Number of updated asset objects reloaded before import = 0Number of asset objects unloaded after import = 0

========================================================================
Received Prepare
Refreshing native plugins compatible for Editor in 4.72 ms, found 5 plugins.
Preloading 0 native plugins for Editor in 0.00 ms.
Unloading 17 Unused Serialized files (Serialized files now loaded: 0)
Unloading 6084 unused Assets / (5.4 MB). Loaded Objects now: 6989.
Memory consumption went from 184.4 MB to 179.0 MB.
Total: 33.499000 ms (FindLiveObjects: 0.849800 ms CreateObjectMapping: 1.764900 ms MarkObjects: 27.118600 ms  DeleteObjects: 3.763700 ms)

Prepare: number of updated asset objects reloaded= 0
========================================================================
Received Import Request.
  Time since last request: 3.275401 seconds.
  path: Assets/Samples/Shader Graph/Common/Textures/SoftNoise.tga
  artifactKey: Guid(9f2a885222e78414ea86bb96efe57223)
Start importing Assets/Samples/Shader Graph/Common/Textures/SoftNoise.tga using Guid(9f2a885222e78414ea86bb96efe57223) (TextureImporter)[PhysX] Initialized MultithreadedTaskDispatcher with 8 workers.
 -> (artifact id: '4dc2f4241b3b45a70ef4eaffdf81a54c') in 0.0232851 seconds
Number of updated asset objects reloaded before import = 0Number of asset objects unloaded after import = 0

========================================================================
Received Import Request.
  Time since last request: 0.000022 seconds.
  path: Assets/Samples/Shader Graph/Common/Textures/terrain/stone_ground/stone_ground_c.png
  artifactKey: Guid(31627e9dbb81dad4ea2c4341db17299c)
Start importing Assets/Samples/Shader Graph/Common/Textures/terrain/stone_ground/stone_ground_c.png using Guid(31627e9dbb81dad4ea2c4341db17299c) (TextureImporter)[PhysX] Initialized MultithreadedTaskDispatcher with 8 workers.
 -> (artifact id: '344e7b9a072ec56a20750967d4f34974') in 0.0654558 seconds
Number of updated asset objects reloaded before import = 0Number of asset objects unloaded after import = 0

========================================================================
Received Import Request.
  Time since last request: 0.000027 seconds.
  path: Assets/Samples/Core RP Library/Common/Textures/Samples_FractalNoises.png
  artifactKey: Guid(69883503249f7bb439f8d69205c55906)
Start importing Assets/Samples/Core RP Library/Common/Textures/Samples_FractalNoises.png using Guid(69883503249f7bb439f8d69205c55906) (TextureImporter)[PhysX] Initialized MultithreadedTaskDispatcher with 8 workers.
 -> (artifact id: 'ae8cdc646bb254a9fbfe2ae0599b50e6') in 0.0218004 seconds
Number of updated asset objects reloaded before import = 0Number of asset objects unloaded after import = 0

========================================================================
Received Import Request.
  Time since last request: 0.000016 seconds.
  path: Assets/Samples/Shader Graph/Common/Textures/water_churn_8x4.png
  artifactKey: Guid(f3d4694535055af4fb95368a81816981)
Start importing Assets/Samples/Shader Graph/Common/Textures/water_churn_8x4.png using Guid(f3d4694535055af4fb95368a81816981) (TextureImporter)[PhysX] Initialized MultithreadedTaskDispatcher with 8 workers.
crunched in 1.508044
 -> (artifact id: '02cee4a86ba67c69bb8299ce6a9a8d58') in 1.5245913 seconds
Number of updated asset objects reloaded before import = 0Number of asset objects unloaded after import = 0

========================================================================
Received Import Request.
  Time since last request: 0.000032 seconds.
  path: Assets/Samples/Shader Graph/Common/Textures/cobblestones_h1.png
  artifactKey: Guid(e6ba72d56495baf4a9fd0fc9c467ee6e)
Start importing Assets/Samples/Shader Graph/Common/Textures/cobblestones_h1.png using Guid(e6ba72d56495baf4a9fd0fc9c467ee6e) (TextureImporter)[PhysX] Initialized MultithreadedTaskDispatcher with 8 workers.
 -> (artifact id: 'dd3bf27c3ed650af2f7f5c0f51279f14') in 0.0303279 seconds
Number of updated asset objects reloaded before import = 0Number of asset objects unloaded after import = 0

========================================================================
Received Import Request.
  Time since last request: 0.000034 seconds.
  path: Assets/Samples/Shader Graph/Common/Textures/cobblestones_d.png
  artifactKey: Guid(b356831ef4f363d48989d117c6ea79e3)
Start importing Assets/Samples/Shader Graph/Common/Textures/cobblestones_d.png using Guid(b356831ef4f363d48989d117c6ea79e3) (TextureImporter)[PhysX] Initialized MultithreadedTaskDispatcher with 8 workers.
 -> (artifact id: '24d0e945b63185c15de4a886b25922b3') in 0.3939827 seconds
Number of updated asset objects reloaded before import = 0Number of asset objects unloaded after import = 0

========================================================================
Received Import Request.
  Time since last request: 0.000024 seconds.
  path: Assets/Samples/Shader Graph/Common/Textures/windows_d.png
  artifactKey: Guid(e1a713287777fb744afed1b1e31006ce)
Start importing Assets/Samples/Shader Graph/Common/Textures/windows_d.png using Guid(e1a713287777fb744afed1b1e31006ce) (TextureImporter)[PhysX] Initialized MultithreadedTaskDispatcher with 8 workers.
 -> (artifact id: '467a00aa2b8a12d93e0b444f42662f66') in 0.0474207 seconds
Number of updated asset objects reloaded before import = 0Number of asset objects unloaded after import = 0

========================================================================
Received Import Request.
  Time since last request: 0.000038 seconds.
  path: Assets/Samples/Shader Graph/Common/Textures/Rock_Macro_NOS.png
  artifactKey: Guid(d44c127dcfda3af4088d6cb5996daab6)
Start importing Assets/Samples/Shader Graph/Common/Textures/Rock_Macro_NOS.png using Guid(d44c127dcfda3af4088d6cb5996daab6) (TextureImporter)[PhysX] Initialized MultithreadedTaskDispatcher with 8 workers.
 -> (artifact id: 'f611d15c5540cc511580b26df8117ec1') in 0.3073615 seconds
Number of updated asset objects reloaded before import = 0Number of asset objects unloaded after import = 0

========================================================================
Received Import Request.
  Time since last request: 9.973969 seconds.
  path: Assets/Samples/Core RP Library/Common/Models/FrameSide.fbx
  artifactKey: Guid(1bf2e27b5c9b0d945b8fdbbf1165f828)
Start importing Assets/Samples/Core RP Library/Common/Models/FrameSide.fbx using Guid(1bf2e27b5c9b0d945b8fdbbf1165f828) (FBXImporter)[PhysX] Initialized MultithreadedTaskDispatcher with 8 workers.
 -> (artifact id: 'c00839e8f40a6645df54b0ba1e5596b0') in 0.0337294 seconds
Number of updated asset objects reloaded before import = 0Number of asset objects unloaded after import = 0

========================================================================
Received Import Request.
  Time since last request: 0.000020 seconds.
  path: Assets/Samples/Shader Graph/Common/Meshes/Rock_A_01.fbx
  artifactKey: Guid(3bb55b9dc42e34c47b35dea94575a162)
Start importing Assets/Samples/Shader Graph/Common/Meshes/Rock_A_01.fbx using Guid(3bb55b9dc42e34c47b35dea94575a162) (FBXImporter)[PhysX] Initialized MultithreadedTaskDispatcher with 8 workers.
 -> (artifact id: '2510cbd25847efe93ab83e0021fb636a') in 0.0873115 seconds
Number of updated asset objects reloaded before import = 0Number of asset objects unloaded after import = 2

========================================================================
Received Import Request.
  Time since last request: 0.000039 seconds.
  path: Assets/Samples/Core RP Library/Common/Models/BackgroundMesh.fbx
  artifactKey: Guid(94619289f8faa3a44885b568f7b06096)
Start importing Assets/Samples/Core RP Library/Common/Models/BackgroundMesh.fbx using Guid(94619289f8faa3a44885b568f7b06096) (FBXImporter)[PhysX] Initialized MultithreadedTaskDispatcher with 8 workers.
 -> (artifact id: '7125d46debd965322af8767a4569caeb') in 0.0404811 seconds
Number of updated asset objects reloaded before import = 0Number of asset objects unloaded after import = 0

========================================================================
Received Import Request.
  Time since last request: 0.000017 seconds.
  path: Assets/Samples/Core RP Library/Common/Models/NameHolder.fbx
  artifactKey: Guid(b1ea906854b8cf444a09a59ace7575a8)
Start importing Assets/Samples/Core RP Library/Common/Models/NameHolder.fbx using Guid(b1ea906854b8cf444a09a59ace7575a8) (FBXImporter)[PhysX] Initialized MultithreadedTaskDispatcher with 8 workers.
 -> (artifact id: '4130f564a4ca141026e9e7e7aa8ddae8') in 0.1323487 seconds
Number of updated asset objects reloaded before import = 0Number of asset objects unloaded after import = 0

========================================================================
Received Import Request.
  Time since last request: 0.000033 seconds.
  path: Assets/Samples/Core RP Library/Common/Models/TurntableBackdrop.fbx
  artifactKey: Guid(e325f76aacc4ead4085a0d331315cf28)
Start importing Assets/Samples/Core RP Library/Common/Models/TurntableBackdrop.fbx using Guid(e325f76aacc4ead4085a0d331315cf28) (FBXImporter)[PhysX] Initialized MultithreadedTaskDispatcher with 8 workers.
 -> (artifact id: '95d448e6c1d0c878fb7f56bb0342e0dd') in 0.0682899 seconds
Number of updated asset objects reloaded before import = 0Number of asset objects unloaded after import = 0

========================================================================
Received Import Request.
  Time since last request: 0.000053 seconds.
  path: Assets/Samples/Core RP Library/Common/Models/SamplesFixture.fbx
  artifactKey: Guid(f1173d56c7fbad54b8b0ededcdac25c9)
Start importing Assets/Samples/Core RP Library/Common/Models/SamplesFixture.fbx using Guid(f1173d56c7fbad54b8b0ededcdac25c9) (FBXImporter)[PhysX] Initialized MultithreadedTaskDispatcher with 8 workers.
 -> (artifact id: '946bc071b4280a906de3f0b0975e4cee') in 0.0312848 seconds
Number of updated asset objects reloaded before import = 0Number of asset objects unloaded after import = 0

========================================================================
Received Import Request.
  Time since last request: 0.000018 seconds.
  path: Assets/Samples/Shader Graph/Common/Meshes/Billboard/NegativeZ.FBX
  artifactKey: Guid(4f95b53bf82cc8a49a755533b59840a6)
Start importing Assets/Samples/Shader Graph/Common/Meshes/Billboard/NegativeZ.FBX using Guid(4f95b53bf82cc8a49a755533b59840a6) (FBXImporter)[PhysX] Initialized MultithreadedTaskDispatcher with 8 workers.
 -> (artifact id: 'c3e1bd90523c5b16a23f254298993548') in 0.0214784 seconds
Number of updated asset objects reloaded before import = 0Number of asset objects unloaded after import = 0

========================================================================
Received Import Request.
  Time since last request: 0.000033 seconds.
  path: Assets/Samples/Shader Graph/Common/Meshes/Billboard/NegativeX.FBX
  artifactKey: Guid(25e48be4f714a7645a09d3d32535d29c)
Start importing Assets/Samples/Shader Graph/Common/Meshes/Billboard/NegativeX.FBX using Guid(25e48be4f714a7645a09d3d32535d29c) (FBXImporter)[PhysX] Initialized MultithreadedTaskDispatcher with 8 workers.
 -> (artifact id: 'a72817027fe280a7bc9de6b403c826c0') in 0.0224012 seconds
Number of updated asset objects reloaded before import = 0Number of asset objects unloaded after import = 0

========================================================================
Received Prepare
Begin MonoManager ReloadAssembly
Symbol file LoadedFromMemory is not a mono symbol file
- Loaded All Assemblies, in  1.019 seconds
Refreshing native plugins compatible for Editor in 4.62 ms, found 5 plugins.
Native extension for WindowsStandalone target not found
Native extension for WebGL target not found
[Package Manager] Failed to launch server process. Reason: Unity was launched with the -noUpm command-line argument
[Package Manager] Unable to send message (not connected to server process).
[Package Manager] Cannot connect to Unity Package Manager local server
[Package Manager] Failed to launch server process. Reason: Unity was launched with the -noUpm command-line argument
[Package Manager] Unable to send message (not connected to server process).
[Package Manager] Cannot connect to Unity Package Manager local server
Mono: successfully reloaded assembly
- Finished resetting the current domain, in  2.381 seconds
Domain Reload Profiling: 3393ms
	BeginReloadAssembly (241ms)
		ExecutionOrderSort (0ms)
		DisableScriptedObjects (13ms)
		BackupInstance (0ms)
		ReleaseScriptingObjects (0ms)
		CreateAndSetChildDomain (68ms)
	RebuildCommonClasses (43ms)
	RebuildNativeTypeToScriptingClass (15ms)
	initialDomainReloadingComplete (38ms)
	LoadAllAssembliesAndSetupDomain (676ms)
		LoadAssemblies (476ms)
		RebuildTransferFunctionScriptingTraits (0ms)
		AnalyzeDomain (305ms)
			TypeCache.Refresh (17ms)
				TypeCache.ScanAssembly (7ms)
			BuildScriptInfoCaches (267ms)
			ResolveRequiredComponents (15ms)
	FinalizeReload (2381ms)
		ReleaseScriptCaches (0ms)
		RebuildScriptCaches (0ms)
		SetupLoadedEditorAssemblies (1794ms)
			LogAssemblyErrors (0ms)
			InitializePlatformSupportModulesInManaged (4ms)
			SetLoadedEditorAssemblies (7ms)
			BeforeProcessingInitializeOnLoad (128ms)
			ProcessInitializeOnLoadAttributes (1099ms)
			ProcessInitializeOnLoadMethodAttributes (530ms)
			AfterProcessingInitializeOnLoad (25ms)
			EditorAssembliesLoaded (0ms)
		ExecutionOrderSort2 (0ms)
		AwakeInstancesAfterBackupRestoration (18ms)
Refreshing native plugins compatible for Editor in 3.47 ms, found 5 plugins.
Preloading 0 native plugins for Editor in 0.00 ms.
Unloading 17 Unused Serialized files (Serialized files now loaded: 0)
Unloading 6102 unused Assets / (4.2 MB). Loaded Objects now: 6994.
Memory consumption went from 187.4 MB to 183.2 MB.
Total: 19.834900 ms (FindLiveObjects: 0.677500 ms CreateObjectMapping: 0.578500 ms MarkObjects: 16.583600 ms  DeleteObjects: 1.994000 ms)

Prepare: number of updated asset objects reloaded= 0
========================================================================
Received Import Request.
  Time since last request: 51.042490 seconds.
  path: Assets/Samples/Shader Graph/17.0.3/Production Ready Shaders/Prefabs/LevelContent.prefab
  artifactKey: Guid(97bd81fbbace2cf42810785102781490) Importer(815301076,1909f56bfc062723c751e8b465ee728b)
Start importing Assets/Samples/Shader Graph/17.0.3/Production Ready Shaders/Prefabs/LevelContent.prefab using Guid(97bd81fbbace2cf42810785102781490) Importer(815301076,1909f56bfc062723c751e8b465ee728b) (PreviewImporter)[PhysX] Initialized MultithreadedTaskDispatcher with 8 workers.
[PhysX] Initialized MultithreadedTaskDispatcher with 8 workers.
 -> (artifact id: '0551f7cab14ae037e0ebe7ebfca71f19') in 5.9295626 seconds
Number of updated asset objects reloaded before import = 0Number of asset objects unloaded after import = 3889

========================================================================
Received Prepare
Refreshing native plugins compatible for Editor in 7.17 ms, found 5 plugins.
Preloading 0 native plugins for Editor in 0.00 ms.
Unloading 20 Unused Serialized files (Serialized files now loaded: 0)
Unloading 6087 unused Assets / (4.8 MB). Loaded Objects now: 7144.
Memory consumption went from 198.6 MB to 193.8 MB.
Total: 42.890500 ms (FindLiveObjects: 1.070300 ms CreateObjectMapping: 1.292000 ms MarkObjects: 35.639300 ms  DeleteObjects: 4.887100 ms)

Prepare: number of updated asset objects reloaded= 0
========================================================================
Received Prepare
Begin MonoManager ReloadAssembly
Symbol file LoadedFromMemory is not a mono symbol file
- Loaded All Assemblies, in  1.082 seconds
Refreshing native plugins compatible for Editor in 3.26 ms, found 5 plugins.
Native extension for WindowsStandalone target not found
Native extension for WebGL target not found
[Package Manager] Failed to launch server process. Reason: Unity was launched with the -noUpm command-line argument
[Package Manager] Unable to send message (not connected to server process).
[Package Manager] Cannot connect to Unity Package Manager local server
[Package Manager] Failed to launch server process. Reason: Unity was launched with the -noUpm command-line argument
[Package Manager] Unable to send message (not connected to server process).
[Package Manager] Cannot connect to Unity Package Manager local server
Mono: successfully reloaded assembly
- Finished resetting the current domain, in  2.581 seconds
Domain Reload Profiling: 3656ms
	BeginReloadAssembly (307ms)
		ExecutionOrderSort (0ms)
		DisableScriptedObjects (30ms)
		BackupInstance (0ms)
		ReleaseScriptingObjects (0ms)
		CreateAndSetChildDomain (110ms)
	RebuildCommonClasses (48ms)
	RebuildNativeTypeToScriptingClass (13ms)
	initialDomainReloadingComplete (43ms)
	LoadAllAssembliesAndSetupDomain (663ms)
		LoadAssemblies (503ms)
		RebuildTransferFunctionScriptingTraits (0ms)
		AnalyzeDomain (263ms)
			TypeCache.Refresh (18ms)
				TypeCache.ScanAssembly (7ms)
			BuildScriptInfoCaches (230ms)
			ResolveRequiredComponents (10ms)
	FinalizeReload (2581ms)
		ReleaseScriptCaches (0ms)
		RebuildScriptCaches (0ms)
		SetupLoadedEditorAssemblies (2193ms)
			LogAssemblyErrors (0ms)
			InitializePlatformSupportModulesInManaged (5ms)
			SetLoadedEditorAssemblies (6ms)
			BeforeProcessingInitializeOnLoad (100ms)
			ProcessInitializeOnLoadAttributes (1299ms)
			ProcessInitializeOnLoadMethodAttributes (771ms)
			AfterProcessingInitializeOnLoad (12ms)
			EditorAssembliesLoaded (0ms)
		ExecutionOrderSort2 (0ms)
		AwakeInstancesAfterBackupRestoration (16ms)
Refreshing native plugins compatible for Editor in 3.80 ms, found 5 plugins.
Preloading 0 native plugins for Editor in 0.00 ms.
Unloading 17 Unused Serialized files (Serialized files now loaded: 0)
Unloading 6103 unused Assets / (4.8 MB). Loaded Objects now: 7038.
Memory consumption went from 193.5 MB to 188.8 MB.
Total: 21.138500 ms (FindLiveObjects: 0.632000 ms CreateObjectMapping: 0.549500 ms MarkObjects: 17.539300 ms  DeleteObjects: 2.416400 ms)

Prepare: number of updated asset objects reloaded= 0
========================================================================
Received Import Request.
  Time since last request: 53.617446 seconds.
  path: Assets/Samples/Shader Graph/Common/Subgraphs/AngleMask.shadersubgraph
  artifactKey: Guid(c83482aeb85419549b8694e09d85fa5b) Importer(815301076,1909f56bfc062723c751e8b465ee728b)
Start importing Assets/Samples/Shader Graph/Common/Subgraphs/AngleMask.shadersubgraph using Guid(c83482aeb85419549b8694e09d85fa5b) Importer(815301076,1909f56bfc062723c751e8b465ee728b) (PreviewImporter)[PhysX] Initialized MultithreadedTaskDispatcher with 8 workers.
 -> (artifact id: '913827d363d2f4c07389bee1f869b169') in 0.032835 seconds
Number of updated asset objects reloaded before import = 0Number of asset objects unloaded after import = 1

========================================================================
Received Import Request.
  Time since last request: 0.000015 seconds.
  path: Assets/Samples/Shader Graph/Common/Subgraphs/BrightnessContrast.shadersubgraph
  artifactKey: Guid(b26dd19726213e246a984d98314f6e1a) Importer(815301076,1909f56bfc062723c751e8b465ee728b)
Start importing Assets/Samples/Shader Graph/Common/Subgraphs/BrightnessContrast.shadersubgraph using Guid(b26dd19726213e246a984d98314f6e1a) Importer(815301076,1909f56bfc062723c751e8b465ee728b) (PreviewImporter)[PhysX] Initialized MultithreadedTaskDispatcher with 8 workers.
 -> (artifact id: '03e0df6c886fd4478c6a9672f31cc3ae') in 0.0021996 seconds
Number of updated asset objects reloaded before import = 0Number of asset objects unloaded after import = 1

========================================================================
Received Import Request.
  Time since last request: 0.000013 seconds.
  path: Assets/Samples/Shader Graph/Common/Subgraphs/BiplanarSample.shadersubgraph
  artifactKey: Guid(bb20efb760a412e48a95b2ad143c8940) Importer(815301076,1909f56bfc062723c751e8b465ee728b)
Start importing Assets/Samples/Shader Graph/Common/Subgraphs/BiplanarSample.shadersubgraph using Guid(bb20efb760a412e48a95b2ad143c8940) Importer(815301076,1909f56bfc062723c751e8b465ee728b) (PreviewImporter)[PhysX] Initialized MultithreadedTaskDispatcher with 8 workers.
 -> (artifact id: '3b23335c46671dca4b2bc712b1a5f771') in 0.0013313 seconds
Number of updated asset objects reloaded before import = 0Number of asset objects unloaded after import = 1

========================================================================
Received Import Request.
  Time since last request: 0.000021 seconds.
  path: Assets/Samples/Shader Graph/Common/Subgraphs/BranchOnRP.shadersubgraph
  artifactKey: Guid(2b9ca49b870287041abd8272a364b6c0) Importer(815301076,1909f56bfc062723c751e8b465ee728b)
Start importing Assets/Samples/Shader Graph/Common/Subgraphs/BranchOnRP.shadersubgraph using Guid(2b9ca49b870287041abd8272a364b6c0) Importer(815301076,1909f56bfc062723c751e8b465ee728b) (PreviewImporter)[PhysX] Initialized MultithreadedTaskDispatcher with 8 workers.
 -> (artifact id: '0c19dfd030492ec136cd0f3c2a5ff6bb') in 0.0019396 seconds
Number of updated asset objects reloaded before import = 0Number of asset objects unloaded after import = 1

========================================================================
Received Import Request.
  Time since last request: 0.000018 seconds.
  path: Assets/Samples/Shader Graph/Common/Subgraphs/CameraDistanceMask.shadersubgraph
  artifactKey: Guid(556dff229d0982b43b52bc3ce1019148) Importer(815301076,1909f56bfc062723c751e8b465ee728b)
Start importing Assets/Samples/Shader Graph/Common/Subgraphs/CameraDistanceMask.shadersubgraph using Guid(556dff229d0982b43b52bc3ce1019148) Importer(815301076,1909f56bfc062723c751e8b465ee728b) (PreviewImporter)[PhysX] Initialized MultithreadedTaskDispatcher with 8 workers.
 -> (artifact id: '982046f21b7dc6498f4fd5f431a2d6af') in 0.0020241 seconds
Number of updated asset objects reloaded before import = 0Number of asset objects unloaded after import = 1

========================================================================
Received Import Request.
  Time since last request: 0.785469 seconds.
  path: Assets/Samples/Shader Graph/Common/Meshes/Rock_A_01.fbx
  artifactKey: Guid(3bb55b9dc42e34c47b35dea94575a162) Importer(815301076,1909f56bfc062723c751e8b465ee728b)
Start importing Assets/Samples/Shader Graph/Common/Meshes/Rock_A_01.fbx using Guid(3bb55b9dc42e34c47b35dea94575a162) Importer(815301076,1909f56bfc062723c751e8b465ee728b) (PreviewImporter)[PhysX] Initialized MultithreadedTaskDispatcher with 8 workers.
[PhysX] Initialized MultithreadedTaskDispatcher with 8 workers.
[PhysX] Initialized MultithreadedTaskDispatcher with 8 workers.
[PhysX] Initialized MultithreadedTaskDispatcher with 8 workers.
[PhysX] Initialized MultithreadedTaskDispatcher with 8 workers.
[PhysX] Initialized MultithreadedTaskDispatcher with 8 workers.
[PhysX] Initialized MultithreadedTaskDispatcher with 8 workers.
[PhysX] Initialized MultithreadedTaskDispatcher with 8 workers.
[PhysX] Initialized MultithreadedTaskDispatcher with 8 workers.
[PhysX] Initialized MultithreadedTaskDispatcher with 8 workers.
[PhysX] Initialized MultithreadedTaskDispatcher with 8 workers.
[PhysX] Initialized MultithreadedTaskDispatcher with 8 workers.
 -> (artifact id: '4f492646a77a103dd559f239726c78f3') in 0.6997184 seconds
Number of updated asset objects reloaded before import = 0Number of asset objects unloaded after import = 30

========================================================================
Received Import Request.
  Time since last request: 0.000037 seconds.
  path: Assets/Samples/Shader Graph/Common/Meshes/Rock_LOD0.mat
  artifactKey: Guid(dcfc778208fd5e04398bd01346b542b3) Importer(815301076,1909f56bfc062723c751e8b465ee728b)
Start importing Assets/Samples/Shader Graph/Common/Meshes/Rock_LOD0.mat using Guid(dcfc778208fd5e04398bd01346b542b3) Importer(815301076,1909f56bfc062723c751e8b465ee728b) (PreviewImporter)[PhysX] Initialized MultithreadedTaskDispatcher with 8 workers.
[PhysX] Initialized MultithreadedTaskDispatcher with 8 workers.
 -> (artifact id: '88f741c5dd4e87d8e383f2d486450ebd') in 0.0368777 seconds
Number of updated asset objects reloaded before import = 0Number of asset objects unloaded after import = 9

========================================================================
Received Import Request.
  Time since last request: 0.000043 seconds.
  path: Assets/Samples/Shader Graph/Common/Meshes/Rock_A_02.fbx
  artifactKey: Guid(0347a2ca593e212468d38a00c0f15925) Importer(815301076,1909f56bfc062723c751e8b465ee728b)
Start importing Assets/Samples/Shader Graph/Common/Meshes/Rock_A_02.fbx using Guid(0347a2ca593e212468d38a00c0f15925) Importer(815301076,1909f56bfc062723c751e8b465ee728b) (PreviewImporter)[PhysX] Initialized MultithreadedTaskDispatcher with 8 workers.
[PhysX] Initialized MultithreadedTaskDispatcher with 8 workers.
[PhysX] Initialized MultithreadedTaskDispatcher with 8 workers.
[PhysX] Initialized MultithreadedTaskDispatcher with 8 workers.
[PhysX] Initialized MultithreadedTaskDispatcher with 8 workers.
[PhysX] Initialized MultithreadedTaskDispatcher with 8 workers.
[PhysX] Initialized MultithreadedTaskDispatcher with 8 workers.
[PhysX] Initialized MultithreadedTaskDispatcher with 8 workers.
[PhysX] Initialized MultithreadedTaskDispatcher with 8 workers.
[PhysX] Initialized MultithreadedTaskDispatcher with 8 workers.
 -> (artifact id: 'ba929d25f93b1e80342efb167e08e4fc') in 0.0451425 seconds
Number of updated asset objects reloaded before import = 0Number of asset objects unloaded after import = 25

Editor requested this worker to shutdown with reason: Scaling down because of idle timeout
AssetImportWorker is now disconnected from the server
Process exiting
Exiting without the bug reporter. Application will terminate with return code 0