Using pre-set license
Built from 'trunk' branch; Version is '6000.0.9f1 (1490908003ac) revision 1347728'; Using compiler version '193933523'; Build Type 'Release'
OS: 'Windows 10  (10.0.19045) 64bit Professional' Language: 'zh' Physical Memory: 65261 MB
BatchMode: 1, IsHumanControllingUs: 0, StartBugReporterOnCrash: 0, Is64bit: 1, IsPro: 1

COMMAND LINE ARGUMENTS:
C:\Program Files\Unity\Hub\Editor\6000.0.9f1\Editor\Unity.exe
-adb2
-batchMode
-noUpm
-name
AssetImportWorker8
-projectPath
C:/Users/Admin/Documents/GitHub/YuoIdleTextGame
-logFile
Logs/AssetImportWorker8.log
-srvPort
2463
-job-worker-count
7
-background-job-worker-count
8
-asset-garbage-collectors
1
Successfully changed project path to: C:/Users/Admin/Documents/GitHub/YuoIdleTextGame
C:/Users/Admin/Documents/GitHub/YuoIdleTextGame
[UnityMemory] Configuration Parameters - Can be set up in boot.config
    "memorysetup-bucket-allocator-granularity=16"
    "memorysetup-bucket-allocator-bucket-count=8"
    "memorysetup-bucket-allocator-block-size=33554432"
    "memorysetup-bucket-allocator-block-count=8"
    "memorysetup-main-allocator-block-size=16777216"
    "memorysetup-thread-allocator-block-size=16777216"
    "memorysetup-gfx-main-allocator-block-size=16777216"
    "memorysetup-gfx-thread-allocator-block-size=16777216"
    "memorysetup-cache-allocator-block-size=4194304"
    "memorysetup-typetree-allocator-block-size=2097152"
    "memorysetup-profiler-bucket-allocator-granularity=16"
    "memorysetup-profiler-bucket-allocator-bucket-count=8"
    "memorysetup-profiler-bucket-allocator-block-size=33554432"
    "memorysetup-profiler-bucket-allocator-block-count=8"
    "memorysetup-profiler-allocator-block-size=16777216"
    "memorysetup-profiler-editor-allocator-block-size=1048576"
    "memorysetup-temp-allocator-size-main=16777216"
    "memorysetup-job-temp-allocator-block-size=2097152"
    "memorysetup-job-temp-allocator-block-size-background=1048576"
    "memorysetup-job-temp-allocator-reduction-small-platforms=262144"
    "memorysetup-allocator-temp-initial-block-size-main=262144"
    "memorysetup-allocator-temp-initial-block-size-worker=262144"
    "memorysetup-temp-allocator-size-background-worker=32768"
    "memorysetup-temp-allocator-size-job-worker=262144"
    "memorysetup-temp-allocator-size-preload-manager=33554432"
    "memorysetup-temp-allocator-size-nav-mesh-worker=65536"
    "memorysetup-temp-allocator-size-audio-worker=65536"
    "memorysetup-temp-allocator-size-cloud-worker=32768"
    "memorysetup-temp-allocator-size-gi-baking-worker=262144"
    "memorysetup-temp-allocator-size-gi-baking-worker=262144"
    "memorysetup-temp-allocator-size-gi-baking-worker=262144"
    "memorysetup-temp-allocator-size-gi-baking-worker=262144"
    "memorysetup-temp-allocator-size-gi-baking-worker=262144"
    "memorysetup-temp-allocator-size-gfx=262144"
Player connection [40160]  Target information:

Player connection [40160]  * "[IP] 192.168.31.93 [Port] 0 [Flags] 2 [Guid] 40058027 [EditorId] 40058027 [Version] 1048832 [Id] WindowsEditor(7,78YNYQ3-TWW) [Debug] 1 [PackageName] WindowsEditor [ProjectName] Editor" 

Player connection [40160] Host joined multi-casting on [225.0.0.222:54997]...
Player connection [40160] Host joined alternative multi-casting on [225.0.0.222:34997]...
JobSystem: Creating JobQueue using job-worker-count value 7
Library Redirect Path: Library/
[PhysX] Initialized MultithreadedTaskDispatcher with 8 workers.
Refreshing native plugins compatible for Editor in 5.49 ms, found 5 plugins.
Preloading 0 native plugins for Editor in 0.00 ms.
Initialize engine version: 6000.0.9f1 (1490908003ac)
[Subsystems] Discovering subsystems at path C:/Program Files/Unity/Hub/Editor/6000.0.9f1/Editor/Data/Resources/UnitySubsystems
[Subsystems] Discovering subsystems at path C:/Users/Admin/Documents/GitHub/YuoIdleTextGame/Assets
GfxDevice: creating device client; kGfxThreadingModeNonThreaded
Direct3D:
    Version:  Direct3D 11.0 [level 11.1]
    Renderer: NVIDIA GeForce RTX 3070 (ID=0x2488)
    Vendor:   NVIDIA
    VRAM:     8018 MB
    Driver:   31.0.15.5241
Initialize mono
Mono path[0] = 'C:/Program Files/Unity/Hub/Editor/6000.0.9f1/Editor/Data/Managed'
Mono path[1] = 'C:/Program Files/Unity/Hub/Editor/6000.0.9f1/Editor/Data/MonoBleedingEdge/lib/mono/unityjit-win32'
Mono config path = 'C:/Program Files/Unity/Hub/Editor/6000.0.9f1/Editor/Data/MonoBleedingEdge/etc'
Using monoOptions --debugger-agent=transport=dt_socket,embedding=1,server=y,suspend=n,address=127.0.0.1:56984
Begin MonoManager ReloadAssembly
Registering precompiled unity dll's ...
Register platform support module: C:/Program Files/Unity/Hub/Editor/6000.0.9f1/Editor/Data/PlaybackEngines/WebGLSupport/UnityEditor.WebGL.Extensions.dll
Register platform support module: C:/Program Files/Unity/Hub/Editor/6000.0.9f1/Editor/Data/PlaybackEngines/WindowsStandaloneSupport/UnityEditor.WindowsStandalone.Extensions.dll
Registered in 0.005490 seconds.
- Loaded All Assemblies, in  0.419 seconds
Native extension for WindowsStandalone target not found
Native extension for WebGL target not found
Mono: successfully reloaded assembly
- Finished resetting the current domain, in  0.416 seconds
Domain Reload Profiling: 830ms
	BeginReloadAssembly (134ms)
		ExecutionOrderSort (0ms)
		DisableScriptedObjects (0ms)
		BackupInstance (0ms)
		ReleaseScriptingObjects (0ms)
		CreateAndSetChildDomain (1ms)
	RebuildCommonClasses (37ms)
	RebuildNativeTypeToScriptingClass (14ms)
	initialDomainReloadingComplete (55ms)
	LoadAllAssembliesAndSetupDomain (175ms)
		LoadAssemblies (129ms)
		RebuildTransferFunctionScriptingTraits (0ms)
		AnalyzeDomain (172ms)
			TypeCache.Refresh (170ms)
				TypeCache.ScanAssembly (154ms)
			BuildScriptInfoCaches (0ms)
			ResolveRequiredComponents (1ms)
	FinalizeReload (416ms)
		ReleaseScriptCaches (0ms)
		RebuildScriptCaches (0ms)
		SetupLoadedEditorAssemblies (370ms)
			LogAssemblyErrors (0ms)
			InitializePlatformSupportModulesInManaged (29ms)
			SetLoadedEditorAssemblies (5ms)
			BeforeProcessingInitializeOnLoad (5ms)
			ProcessInitializeOnLoadAttributes (153ms)
			ProcessInitializeOnLoadMethodAttributes (179ms)
			AfterProcessingInitializeOnLoad (0ms)
			EditorAssembliesLoaded (0ms)
		ExecutionOrderSort2 (0ms)
		AwakeInstancesAfterBackupRestoration (0ms)
========================================================================
Worker process is ready to serve import requests
Import Worker Mode flag is 0x00
Begin MonoManager ReloadAssembly
Symbol file LoadedFromMemory is not a mono symbol file
- Loaded All Assemblies, in  1.156 seconds
Refreshing native plugins compatible for Editor in 3.09 ms, found 5 plugins.
Native extension for WindowsStandalone target not found
Native extension for WebGL target not found
Package Manager log level set to [2]
[Package Manager] Failed to launch server process. Reason: Unity was launched with the -noUpm command-line argument
[Package Manager] Unable to send message (not connected to server process).
[Package Manager] Cannot connect to Unity Package Manager local server
[Package Manager] Failed to launch server process. Reason: Unity was launched with the -noUpm command-line argument
[Package Manager] Unable to send message (not connected to server process).
[Package Manager] Cannot connect to Unity Package Manager local server
Launched and connected shader compiler UnityShaderCompiler.exe after 0.01 seconds
Mono: successfully reloaded assembly
- Finished resetting the current domain, in  1.257 seconds
Domain Reload Profiling: 2403ms
	BeginReloadAssembly (433ms)
		ExecutionOrderSort (0ms)
		DisableScriptedObjects (5ms)
		BackupInstance (0ms)
		ReleaseScriptingObjects (0ms)
		CreateAndSetChildDomain (32ms)
	RebuildCommonClasses (35ms)
	RebuildNativeTypeToScriptingClass (12ms)
	initialDomainReloadingComplete (49ms)
	LoadAllAssembliesAndSetupDomain (617ms)
		LoadAssemblies (443ms)
		RebuildTransferFunctionScriptingTraits (0ms)
		AnalyzeDomain (277ms)
			TypeCache.Refresh (202ms)
				TypeCache.ScanAssembly (184ms)
			BuildScriptInfoCaches (63ms)
			ResolveRequiredComponents (9ms)
	FinalizeReload (1257ms)
		ReleaseScriptCaches (0ms)
		RebuildScriptCaches (0ms)
		SetupLoadedEditorAssemblies (1036ms)
			LogAssemblyErrors (0ms)
			InitializePlatformSupportModulesInManaged (3ms)
			SetLoadedEditorAssemblies (4ms)
			BeforeProcessingInitializeOnLoad (75ms)
			ProcessInitializeOnLoadAttributes (577ms)
			ProcessInitializeOnLoadMethodAttributes (369ms)
			AfterProcessingInitializeOnLoad (9ms)
			EditorAssembliesLoaded (0ms)
		ExecutionOrderSort2 (0ms)
		AwakeInstancesAfterBackupRestoration (6ms)
Refreshing native plugins compatible for Editor in 3.42 ms, found 5 plugins.
Preloading 0 native plugins for Editor in 0.00 ms.
Unloading 251 Unused Serialized files (Serialized files now loaded: 0)
Unloading 6103 unused Assets / (4.8 MB). Loaded Objects now: 6990.
Memory consumption went from 228.4 MB to 223.6 MB.
Total: 20.131900 ms (FindLiveObjects: 0.658200 ms CreateObjectMapping: 0.594800 ms MarkObjects: 16.481000 ms  DeleteObjects: 2.396000 ms)

========================================================================
Received Import Request.
  Time since last request: 17546.895681 seconds.
  path: Assets/Samples/Shader Graph/17.0.3/Procedural Patterns/BacteriaSmoothstep.shadersubgraph
  artifactKey: Guid(5e9fc48ff9113e140b706854eed3fce7) Importer(815301076,1909f56bfc062723c751e8b465ee728b)
Start importing Assets/Samples/Shader Graph/17.0.3/Procedural Patterns/BacteriaSmoothstep.shadersubgraph using Guid(5e9fc48ff9113e140b706854eed3fce7) Importer(815301076,1909f56bfc062723c751e8b465ee728b) (PreviewImporter)[PhysX] Initialized MultithreadedTaskDispatcher with 8 workers.
 -> (artifact id: '7e5d3039c6da9be30116f36151d41f82') in 0.0290683 seconds
Number of updated asset objects reloaded before import = 0Number of asset objects unloaded after import = 1

========================================================================
Received Import Request.
  Time since last request: 0.000023 seconds.
  path: Assets/Samples/Shader Graph/17.0.3/Procedural Patterns/Hex Lattice.ShaderSubGraph
  artifactKey: Guid(347b30e63a4f7c94d8c9bbb42a37b728) Importer(815301076,1909f56bfc062723c751e8b465ee728b)
Start importing Assets/Samples/Shader Graph/17.0.3/Procedural Patterns/Hex Lattice.ShaderSubGraph using Guid(347b30e63a4f7c94d8c9bbb42a37b728) Importer(815301076,1909f56bfc062723c751e8b465ee728b) (PreviewImporter)[PhysX] Initialized MultithreadedTaskDispatcher with 8 workers.
 -> (artifact id: '7f2eb88b88f24a25113bc720aacae131') in 0.0018099 seconds
Number of updated asset objects reloaded before import = 0Number of asset objects unloaded after import = 1

========================================================================
Received Import Request.
  Time since last request: 0.000018 seconds.
  path: Assets/Samples/Shader Graph/17.0.3/Procedural Patterns/Brick.ShaderSubGraph
  artifactKey: Guid(8e0b780776560af419baddd705ec8b40) Importer(815301076,1909f56bfc062723c751e8b465ee728b)
Start importing Assets/Samples/Shader Graph/17.0.3/Procedural Patterns/Brick.ShaderSubGraph using Guid(8e0b780776560af419baddd705ec8b40) Importer(815301076,1909f56bfc062723c751e8b465ee728b) (PreviewImporter)[PhysX] Initialized MultithreadedTaskDispatcher with 8 workers.
 -> (artifact id: 'b0479a2e47004b138e4f3a2655422a8f') in 0.0014501 seconds
Number of updated asset objects reloaded before import = 0Number of asset objects unloaded after import = 1

========================================================================
Received Import Request.
  Time since last request: 0.000045 seconds.
  path: Assets/Samples/Shader Graph/17.0.3/Procedural Patterns/Spiral.ShaderSubGraph
  artifactKey: Guid(b7be2a2c4d73a3a4c905adc2c436e2f3) Importer(815301076,1909f56bfc062723c751e8b465ee728b)
Start importing Assets/Samples/Shader Graph/17.0.3/Procedural Patterns/Spiral.ShaderSubGraph using Guid(b7be2a2c4d73a3a4c905adc2c436e2f3) Importer(815301076,1909f56bfc062723c751e8b465ee728b) (PreviewImporter)[PhysX] Initialized MultithreadedTaskDispatcher with 8 workers.
 -> (artifact id: '538bc4b7aa2ea34005d057c22f816fc7') in 0.0012816 seconds
Number of updated asset objects reloaded before import = 0Number of asset objects unloaded after import = 1

========================================================================
Received Import Request.
  Time since last request: 0.000026 seconds.
  path: Assets/Samples/Shader Graph/17.0.3/Procedural Patterns/Grid.ShaderSubGraph
  artifactKey: Guid(0deaf443589a24a4c9e7e2c1f6ff0f1b) Importer(815301076,1909f56bfc062723c751e8b465ee728b)
Start importing Assets/Samples/Shader Graph/17.0.3/Procedural Patterns/Grid.ShaderSubGraph using Guid(0deaf443589a24a4c9e7e2c1f6ff0f1b) Importer(815301076,1909f56bfc062723c751e8b465ee728b) (PreviewImporter)[PhysX] Initialized MultithreadedTaskDispatcher with 8 workers.
 -> (artifact id: 'fec427fca9c46922307102d62f9a9a30') in 0.0012135 seconds
Number of updated asset objects reloaded before import = 0Number of asset objects unloaded after import = 1

========================================================================
Received Import Request.
  Time since last request: 0.000061 seconds.
  path: Assets/Samples/Shader Graph/17.0.3/Procedural Patterns/Stripes.ShaderSubGraph
  artifactKey: Guid(9d69d9b45e2669e4086c0f2049ef7c43) Importer(815301076,1909f56bfc062723c751e8b465ee728b)
Start importing Assets/Samples/Shader Graph/17.0.3/Procedural Patterns/Stripes.ShaderSubGraph using Guid(9d69d9b45e2669e4086c0f2049ef7c43) Importer(815301076,1909f56bfc062723c751e8b465ee728b) (PreviewImporter)[PhysX] Initialized MultithreadedTaskDispatcher with 8 workers.
 -> (artifact id: '9e8b90f4a6bdfdd0fce07c762bd6ff9a') in 0.0012171 seconds
Number of updated asset objects reloaded before import = 0Number of asset objects unloaded after import = 1

========================================================================
Received Import Request.
  Time since last request: 0.000015 seconds.
  path: Assets/Samples/Shader Graph/17.0.3/Procedural Patterns/Smooth Wave.ShaderSubGraph
  artifactKey: Guid(d2331c0a5ef4714468da4d0b2022b3d9) Importer(815301076,1909f56bfc062723c751e8b465ee728b)
Start importing Assets/Samples/Shader Graph/17.0.3/Procedural Patterns/Smooth Wave.ShaderSubGraph using Guid(d2331c0a5ef4714468da4d0b2022b3d9) Importer(815301076,1909f56bfc062723c751e8b465ee728b) (PreviewImporter)[PhysX] Initialized MultithreadedTaskDispatcher with 8 workers.
 -> (artifact id: '5d767d371c460a1615b5d850c648ffb1') in 0.0014538 seconds
Number of updated asset objects reloaded before import = 0Number of asset objects unloaded after import = 1

========================================================================
Received Import Request.
  Time since last request: 43.775204 seconds.
  path: Assets/YuoTools/Extend/UI/Extend/Resources/YuoUI/Item/色轮/YuoHira_UIColorPickSV.mat
  artifactKey: Guid(e97c2d215133ee14d9dae1f50c25d08e) Importer(815301076,1909f56bfc062723c751e8b465ee728b)
Start importing Assets/YuoTools/Extend/UI/Extend/Resources/YuoUI/Item/色轮/YuoHira_UIColorPickSV.mat using Guid(e97c2d215133ee14d9dae1f50c25d08e) Importer(815301076,1909f56bfc062723c751e8b465ee728b) (PreviewImporter)[PhysX] Initialized MultithreadedTaskDispatcher with 8 workers.
[PhysX] Initialized MultithreadedTaskDispatcher with 8 workers.
 -> (artifact id: 'f158eaf6125099be45bf1a4ac8166004') in 0.3818914 seconds
Number of updated asset objects reloaded before import = 0Number of asset objects unloaded after import = 7

========================================================================
Received Import Request.
  Time since last request: 20.446002 seconds.
  path: Assets/YuoTools/Editor/Resources/allign_center.png
  artifactKey: Guid(95df24704ac4aff439c35c398b37be42) Importer(815301076,1909f56bfc062723c751e8b465ee728b)
Start importing Assets/YuoTools/Editor/Resources/allign_center.png using Guid(95df24704ac4aff439c35c398b37be42) Importer(815301076,1909f56bfc062723c751e8b465ee728b) (PreviewImporter)[PhysX] Initialized MultithreadedTaskDispatcher with 8 workers.
[PhysX] Initialized MultithreadedTaskDispatcher with 8 workers.
 -> (artifact id: 'b1ac8dea636bb7ca624d91c99959e2de') in 0.0198183 seconds
Number of updated asset objects reloaded before import = 0Number of asset objects unloaded after import = 2

========================================================================
Received Import Request.
  Time since last request: 0.000022 seconds.
  path: Assets/Plugins/Demigiant/DemiLib/Core/Editor/Imgs/blackSquareAlpha50.png
  artifactKey: Guid(aa1d42dc6ff3e894da2208c6929d2165) Importer(815301076,1909f56bfc062723c751e8b465ee728b)
Start importing Assets/Plugins/Demigiant/DemiLib/Core/Editor/Imgs/blackSquareAlpha50.png using Guid(aa1d42dc6ff3e894da2208c6929d2165) Importer(815301076,1909f56bfc062723c751e8b465ee728b) (PreviewImporter)[PhysX] Initialized MultithreadedTaskDispatcher with 8 workers.
[PhysX] Initialized MultithreadedTaskDispatcher with 8 workers.
 -> (artifact id: 'a609ec8876942b8527146d0350c0b3fe') in 0.0094431 seconds
Number of updated asset objects reloaded before import = 0Number of asset objects unloaded after import = 2

========================================================================
Received Import Request.
  Time since last request: 0.000030 seconds.
  path: Assets/Samples/Shader Graph/17.0.3/Node Reference/Textures/cobblestones_d.png
  artifactKey: Guid(583384ba064432b41891bec94e35c8af) Importer(815301076,1909f56bfc062723c751e8b465ee728b)
Start importing Assets/Samples/Shader Graph/17.0.3/Node Reference/Textures/cobblestones_d.png using Guid(583384ba064432b41891bec94e35c8af) Importer(815301076,1909f56bfc062723c751e8b465ee728b) (PreviewImporter)[PhysX] Initialized MultithreadedTaskDispatcher with 8 workers.
[PhysX] Initialized MultithreadedTaskDispatcher with 8 workers.
 -> (artifact id: 'cec5e526d62320f678993230898c0297') in 0.0112954 seconds
Number of updated asset objects reloaded before import = 0Number of asset objects unloaded after import = 2

========================================================================
Received Import Request.
  Time since last request: 0.000024 seconds.
  path: Assets/YuoTools/Editor/Resources/allign_top.png
  artifactKey: Guid(61812105362df424b8ed297cb1d46008) Importer(815301076,1909f56bfc062723c751e8b465ee728b)
Start importing Assets/YuoTools/Editor/Resources/allign_top.png using Guid(61812105362df424b8ed297cb1d46008) Importer(815301076,1909f56bfc062723c751e8b465ee728b) (PreviewImporter)[PhysX] Initialized MultithreadedTaskDispatcher with 8 workers.
[PhysX] Initialized MultithreadedTaskDispatcher with 8 workers.
 -> (artifact id: '2e8ff31ef1addcb72f0c47dfc96d099d') in 0.0086842 seconds
Number of updated asset objects reloaded before import = 0Number of asset objects unloaded after import = 2

========================================================================
Received Import Request.
  Time since last request: 0.000032 seconds.
  path: Assets/YuoTools/Editor/Resources/allign_right.png
  artifactKey: Guid(2158ea48d4fb9544e83589cf66329ca6) Importer(815301076,1909f56bfc062723c751e8b465ee728b)
Start importing Assets/YuoTools/Editor/Resources/allign_right.png using Guid(2158ea48d4fb9544e83589cf66329ca6) Importer(815301076,1909f56bfc062723c751e8b465ee728b) (PreviewImporter)[PhysX] Initialized MultithreadedTaskDispatcher with 8 workers.
[PhysX] Initialized MultithreadedTaskDispatcher with 8 workers.
 -> (artifact id: '91899a51a622c5cc22d102ad144490a6') in 0.0106491 seconds
Number of updated asset objects reloaded before import = 0Number of asset objects unloaded after import = 2

========================================================================
Received Import Request.
  Time since last request: 0.000029 seconds.
  path: Assets/Samples/Shader Graph/17.0.3/Node Reference/Textures/cobblestones_n.png
  artifactKey: Guid(d7aa8e05f3b6118478e7caf71b9232c2) Importer(815301076,1909f56bfc062723c751e8b465ee728b)
Start importing Assets/Samples/Shader Graph/17.0.3/Node Reference/Textures/cobblestones_n.png using Guid(d7aa8e05f3b6118478e7caf71b9232c2) Importer(815301076,1909f56bfc062723c751e8b465ee728b) (PreviewImporter)[PhysX] Initialized MultithreadedTaskDispatcher with 8 workers.
[PhysX] Initialized MultithreadedTaskDispatcher with 8 workers.
 -> (artifact id: '65c3063de008640c10fc0765a94d20f1') in 0.0149914 seconds
Number of updated asset objects reloaded before import = 0Number of asset objects unloaded after import = 2

========================================================================
Received Import Request.
  Time since last request: 0.000029 seconds.
  path: Assets/Plugins/Demigiant/DemiLib/Core/Editor/Imgs/blackSquareAlpha10.png
  artifactKey: Guid(8c9cfa1dbe00a1d41ae9d14f5ac543ec) Importer(815301076,1909f56bfc062723c751e8b465ee728b)
Start importing Assets/Plugins/Demigiant/DemiLib/Core/Editor/Imgs/blackSquareAlpha10.png using Guid(8c9cfa1dbe00a1d41ae9d14f5ac543ec) Importer(815301076,1909f56bfc062723c751e8b465ee728b) (PreviewImporter)[PhysX] Initialized MultithreadedTaskDispatcher with 8 workers.
[PhysX] Initialized MultithreadedTaskDispatcher with 8 workers.
 -> (artifact id: '8babbfa9192ce723769aee853742cc5d') in 0.0078074 seconds
Number of updated asset objects reloaded before import = 0Number of asset objects unloaded after import = 2

Editor requested this worker to shutdown with reason: Scaling down because of idle timeout
AssetImportWorker is now disconnected from the server
Process exiting
Exiting without the bug reporter. Application will terminate with return code 0