
=== Tue Jul 16 14:12:23 2024

Packages were changed.
Update Mode: mergeDefaultDependencies

The following packages were 已添加:
  com.unity.modules.ai@1.0.0
  com.unity.modules.androidjni@1.0.0
  com.unity.modules.animation@1.0.0
  com.unity.modules.assetbundle@1.0.0
  com.unity.modules.audio@1.0.0
  com.unity.modules.cloth@1.0.0
  com.unity.modules.director@1.0.0
  com.unity.modules.imageconversion@1.0.0
  com.unity.modules.imgui@1.0.0
  com.unity.modules.jsonserialize@1.0.0
  com.unity.modules.particlesystem@1.0.0
  com.unity.modules.physics@1.0.0
  com.unity.modules.physics2d@1.0.0
  com.unity.modules.screencapture@1.0.0
  com.unity.modules.terrain@1.0.0
  com.unity.modules.terrainphysics@1.0.0
  com.unity.modules.tilemap@1.0.0
  com.unity.modules.ui@1.0.0
  com.unity.modules.uielements@1.0.0
  com.unity.modules.umbra@1.0.0
  com.unity.modules.unityanalytics@1.0.0
  com.unity.modules.unitywebrequest@1.0.0
  com.unity.modules.unitywebrequestassetbundle@1.0.0
  com.unity.modules.unitywebrequestaudio@1.0.0
  com.unity.modules.unitywebrequesttexture@1.0.0
  com.unity.modules.unitywebrequestwww@1.0.0
  com.unity.modules.vehicles@1.0.0
  com.unity.modules.video@1.0.0
  com.unity.modules.vr@1.0.0
  com.unity.modules.wind@1.0.0
  com.unity.modules.xr@1.0.0
  com.unity.modules.accessibility@1.0.0
The following packages were 已更新:
  com.unity.collab-proxy 从版本 2.3.1 到 2.4.3
  com.unity.feature.2d 从版本 2.0.0 到 2.0.1
  com.unity.inputsystem 从版本 1.8.1 到 1.8.2
  com.unity.render-pipelines.universal 从版本 17.0.2 到 17.0.3
  com.unity.test-framework 从版本 1.4.3 到 1.4.4
  com.unity.timeline 从版本 1.8.6 到 1.8.7
  com.unity.visualscripting 从版本 1.9.2 到 1.9.4

=== Mon Aug 19 14:23:41 2024

Packages were changed.
Update Mode: updateDependencies

The following packages were updated:
  com.unity.burst from version 1.8.16 to 1.8.17
  com.unity.inputsystem from version 1.8.2 to 1.9.0
  com.unity.test-framework from version 1.4.4 to 1.4.5
